#
# There is insufficient memory for the Java Runtime Environment to continue.
# Native memory allocation (malloc) failed to allocate 1048576 bytes for AllocateHeap
# Possible reasons:
#   The system is out of physical RAM or swap space
#   In 32 bit mode, the process size limit was hit
# Possible solutions:
#   Reduce memory load on the system
#   Increase physical memory or swap space
#   Check if swap backing store is full
#   Use 64 bit Java on a 64 bit OS
#   Decrease Java heap size (-Xmx/-Xms)
#   Decrease number of Java threads
#   Decrease Java thread stack sizes (-Xss)
#   Set larger code cache with -XX:ReservedCodeCacheSize=
# This output file may be truncated or incomplete.
#
#  Out of Memory Error (memory/allocation.inline.hpp:61), pid=15732, tid=0x0000000000000eac
#
# JRE version:  (8.0_191-b12) (build )
# Java VM: Java HotSpot(TM) 64-Bit Server VM (25.191-b12 mixed mode windows-amd64 compressed oops)
# Failed to write core dump. Minidumps are not enabled by default on client versions of Windows
#

---------------  T H R E A D  ---------------

Current thread (0x0000000002d75800):  JavaThread "Unknown thread" [_thread_in_vm, id=3756, stack(0x0000000002c70000,0x0000000002d70000)]

Stack: [0x0000000002c70000,0x0000000002d70000]
[error occurred during error reporting (printing stack bounds), id 0xc0000005]

Native frames: (J=compiled Java code, j=interpreted, Vv=VM code, C=native code)


---------------  P R O C E S S  ---------------

Java Threads: ( => current thread )

Other Threads:

=>0x0000000002d75800 (exited) JavaThread "Unknown thread" [_thread_in_vm, id=3756, stack(0x0000000002c70000,0x0000000002d70000)]

VM state:not at safepoint (normal execution)

VM Mutex/Monitor currently owned by a thread: None

Heap:
 PSYoungGen      total 95232K, used 1638K [0x0000000756200000, 0x000000075cc00000, 0x00000007c0000000)
  eden space 81920K, 2% used [0x0000000756200000,0x00000007563999a8,0x000000075b200000)
  from space 13312K, 0% used [0x000000075bf00000,0x000000075bf00000,0x000000075cc00000)
  to   space 13312K, 0% used [0x000000075b200000,0x000000075b200000,0x000000075bf00000)
 ParOldGen       total 217088K, used 0K [0x0000000682600000, 0x000000068fa00000, 0x0000000756200000)
  object space 217088K, 0% used [0x0000000682600000,0x0000000682600000,0x000000068fa00000)
 Metaspace       used 775K, capacity 4480K, committed 4480K, reserved 1056768K
  class space    used 76K, capacity 384K, committed 384K, reserved 1048576K

Card table byte_map: [0x0000000012230000,0x0000000012c20000] byte_map_base: 0x000000000ee1d000

Marking Bits: (ParMarkBitMap*) 0x0000000070ca3e30
 Begin Bits: [0x0000000013cc0000, 0x0000000018c28000)
 End Bits:   [0x0000000018c28000, 0x000000001db90000)

Polling page: 0x0000000000900000

CodeCache: size=245760Kb used=328Kb max_used=328Kb free=245431Kb
 bounds [0x0000000002e70000, 0x00000000030e0000, 0x0000000011e70000]
 total_blobs=58 nmethods=0 adapters=38
 compilation: enabled

Compilation events (0 events):
No events

GC Heap History (0 events):
No events

Deoptimization events (0 events):
No events

Classes redefined (0 events):
No events

Internal exceptions (0 events):
No events

Events (10 events):
Event: 0.023 loading class java/lang/Short
Event: 0.023 loading class java/lang/Short done
Event: 0.023 loading class java/lang/Integer
Event: 0.023 loading class java/lang/Integer done
Event: 0.023 loading class java/lang/Long
Event: 0.023 loading class java/lang/Long done
Event: 0.024 loading class java/lang/NullPointerException
Event: 0.024 loading class java/lang/NullPointerException done
Event: 0.024 loading class java/lang/ArithmeticException
Event: 0.024 loading class java/lang/ArithmeticException done


Dynamic libraries:
0x00007ff69cd90000 - 0x00007ff69cdc7000 	C:\Program Files\Java\jdk1.8.0_191\jre\bin\java.exe
0x00007fff00460000 - 0x00007fff00650000 	C:\Windows\SYSTEM32\ntdll.dll
0x00007ffefe970000 - 0x00007ffefea22000 	C:\Windows\System32\KERNEL32.DLL
0x00007ffefd440000 - 0x00007ffefd6e4000 	C:\Windows\System32\KERNELBASE.dll
0x00007ffefeca0000 - 0x00007ffefed43000 	C:\Windows\System32\ADVAPI32.dll
0x00007ffefee20000 - 0x00007ffefeebe000 	C:\Windows\System32\msvcrt.dll
0x00007ffefe760000 - 0x00007ffefe7f7000 	C:\Windows\System32\sechost.dll
0x00007ffeff9c0000 - 0x00007ffeffae0000 	C:\Windows\System32\RPCRT4.dll
0x00007ffefea90000 - 0x00007ffefec25000 	C:\Windows\System32\USER32.dll
0x00007ffefd720000 - 0x00007ffefd741000 	C:\Windows\System32\win32u.dll
0x00007ffeff8a0000 - 0x00007ffeff8c6000 	C:\Windows\System32\GDI32.dll
0x00007ffefd7f0000 - 0x00007ffefd986000 	C:\Windows\System32\gdi32full.dll
0x00007ffefd750000 - 0x00007ffefd7ee000 	C:\Windows\System32\msvcp_win.dll
0x00007ffefd9b0000 - 0x00007ffefdaaa000 	C:\Windows\System32\ucrtbase.dll
0x00007ffee3e20000 - 0x00007ffee40a4000 	C:\Windows\WinSxS\amd64_microsoft.windows.common-controls_6595b64144ccf1df_6.0.18362.1016_none_9e7a36bbe461dae4\COMCTL32.dll
0x00007ffeff3a0000 - 0x00007ffeff6d5000 	C:\Windows\System32\combase.dll
0x00007ffefdcb0000 - 0x00007ffefdd30000 	C:\Windows\System32\bcryptPrimitives.dll
0x00007ffefe940000 - 0x00007ffefe96e000 	C:\Windows\System32\IMM32.DLL
0x0000000070d30000 - 0x0000000070e02000 	C:\Program Files\Java\jdk1.8.0_191\jre\bin\msvcr100.dll
0x0000000070480000 - 0x0000000070d24000 	C:\Program Files\Java\jdk1.8.0_191\jre\bin\server\jvm.dll
0x00007ffefeec0000 - 0x00007ffefeec8000 	C:\Windows\System32\PSAPI.DLL
0x00007ffed5710000 - 0x00007ffed5719000 	C:\Windows\SYSTEM32\WSOCK32.dll
0x00007ffef7290000 - 0x00007ffef72b4000 	C:\Windows\SYSTEM32\WINMM.dll
0x00007ffef1e40000 - 0x00007ffef1e4a000 	C:\Windows\SYSTEM32\VERSION.dll
0x00007ffefec30000 - 0x00007ffefec9f000 	C:\Windows\System32\WS2_32.dll
0x00007ffef7260000 - 0x00007ffef728d000 	C:\Windows\SYSTEM32\WINMMBASE.dll
0x00007ffefe4c0000 - 0x00007ffefe50a000 	C:\Windows\System32\cfgmgr32.dll
0x0000000070470000 - 0x000000007047f000 	C:\Program Files\Java\jdk1.8.0_191\jre\bin\verify.dll
0x0000000070440000 - 0x0000000070469000 	C:\Program Files\Java\jdk1.8.0_191\jre\bin\java.dll
0x0000000070420000 - 0x0000000070436000 	C:\Program Files\Java\jdk1.8.0_191\jre\bin\zip.dll

VM Arguments:
java_command: org.jetbrains.kotlin.cli.jvm.K2JVMCompiler -Xallow-no-source-files -classpath E:\Android_ktilin\ITHomeApplication\app\build\intermediates\compile_and_runtime_not_namespaced_r_class_jar\debug\R.jar;C:\Users\xiao\.gradle\caches\transforms-2\files-2.1\54eb052f7d6a37df99ee1d16a69605ef\jetified-kotlin-android-extensions-runtime-1.3.61.jar;C:\Users\xiao\.gradle\caches\transforms-2\files-2.1\c4d85d27200353a0bda56fcbf26cb4ce\jetified-kotlin-stdlib-jdk7-1.3.61.jar;C:\Users\xiao\.gradle\caches\transforms-2\files-2.1\bcbddf1772ea2f6eb117f26a4d4e1008\jetified-core-ktx-1.3.2-api.jar;C:\Users\xiao\.gradle\caches\transforms-2\files-2.1\7a729b8a8436f7bcb62a7842e04be994\jetified-kotlin-stdlib-1.3.71.jar;C:\Users\xiao\.gradle\caches\transforms-2\files-2.1\69a8d6f9e9c0ac79687a98d60aaed2b0\jetified-kotlin-stdlib-common-1.3.71.jar;C:\Users\xiao\.gradle\caches\transforms-2\files-2.1\100416b2bb9a8bed6a11b11aa4ba4826\jetified-annotations-13.0.jar;C:\Users\xiao\.gradle\caches\transforms-2\files-2.1\6688ece2dedd27367bd5db89aa6521fb\constraintlayout-2.0.2-api.jar;C:\Users\xiao\.gradle\caches\transforms-2\files-2.1\ee0e064c473d69b6425f6fae3f00a27f\appcompat-1.2.0-api.jar;C:\Users\xiao\.gradle\caches\transforms-2\files-2.1\9e664c334bf1ada60d6bd003268d53af\recyclerview-1.1.0-api.jar;C:\Users\xiao\.gradle\caches\transforms-2\files-2.1\d1a6e255a053e22667c900ff875c694d\cardview-1.0.0-api.jar;C:\Users\xiao\.gradle\caches\transforms-2\files-2.1\0e3495167351336baf010c259b744826\fragment-1.1.0-api.jar;C:\Users\xiao\.gradle\caches\transforms-2\files-2.1\64c0ee0d07d978f08c15624775b1fa72\jetified-appcompat-resources-1.2.0-api.jar;C:\Users\xiao\.gradle\caches\transforms-2\files-2.1\e3058e4dd9fbf418201cc11dee859ca6\drawerlayout-1.0.0-api.jar;C:\Users\xiao\.gradle\caches\transforms-2\files-2.1\101c80b1faea7307c9b036d4a32765fa\viewpager-1.0.0-api.jar;C:\Users\xiao\.gradle\caches\transforms-2\files-2.1\f430eb060bda68188ef347682f8a7d52\customview-1.0.0-api.jar;C:\Users\xiao\.gradle\caches\transf
java_class_path (initial): C:\Users\xiao\.gradle\caches\modules-2\files-2.1\org.jetbrains.kotlin\kotlin-compiler-embeddable\1.3.61\c35c0833d5a1e3d229359758482c480306724618\kotlin-compiler-embeddable-1.3.61.jar;C:\Users\xiao\.gradle\caches\modules-2\files-2.1\org.jetbrains.kotlin\kotlin-reflect\1.3.61\2e07c9a84c9e118efb70eede7e579fd663932122\kotlin-reflect-1.3.61.jar;C:\Users\xiao\.gradle\caches\modules-2\files-2.1\org.jetbrains.kotlin\kotlin-stdlib\1.3.61\4702105e97f7396ae41b113fdbdc180ec1eb1e36\kotlin-stdlib-1.3.61.jar;C:\Users\xiao\.gradle\caches\modules-2\files-2.1\org.jetbrains.kotlin\kotlin-script-runtime\1.3.61\e5feb39c8de63dcbdc1154b34ca4413874231605\kotlin-script-runtime-1.3.61.jar;C:\Users\xiao\.gradle\caches\modules-2\files-2.1\org.jetbrains.kotlin\kotlin-daemon-embeddable\1.3.61\4de83e41a92c8395d89ab2e81d26b788ba163824\kotlin-daemon-embeddable-1.3.61.jar;C:\Users\xiao\.gradle\caches\modules-2\files-2.1\org.jetbrains.intellij.deps\trove4j\1.0.20181211\216c2e14b070f334479d800987affe4054cd563f\trove4j-1.0.20181211.jar;C:\Users\xiao\.gradle\caches\modules-2\files-2.1\org.jetbrains.kotlin\kotlin-stdlib-common\1.3.61\65abb71d5afb850b68be03987b08e2c864ca3110\kotlin-stdlib-common-1.3.61.jar;C:\Users\xiao\.gradle\caches\modules-2\files-2.1\org.jetbrains\annotations\13.0\919f0dfe192fb4e063e7dacadee7f8bb9a2672a9\annotations-13.0.jar;C:\Program Files\Java\jdk1.8.0_191\lib\tools.jar
Launcher Type: SUN_STANDARD

Environment Variables:
CLASSPATH=.;C:\Program Files\Java\jdk1.8.0_191\lib\dt.jar;C:\Program Files\Java\jdk1.8.0_191\lib\tools.jar
PATH=C:\ProgramData\Oracle\Java\javapath;C:\Program Files (x86)\Common Files\Oracle\Java\javapath;C:\Windows\system32;C:\Windows;C:\Windows\System32\Wbem;C:\Windows\System32\WindowsPowerShell\v1.0\;C:\Windows\System32\OpenSSH\;C:\Program Files\Intel\WiFi\bin\;C:\Program Files\Common Files\Intel\WirelessCommon\;C:\Program Files (x86)\NVIDIA Corporation\PhysX\Common;C:\Program Files\NVIDIA Corporation\NVIDIA NGX;C:\Program Files\NVIDIA Corporation\NVIDIA NvDLISR;C:\Windows\system32;C:\Windows;C:\Windows\System32\Wbem;C:\Windows\System32\WindowsPowerShell\v1.0\;C:\Windows\System32\OpenSSH\;C:\Program Files\Java\jdk1.8.0_191\bin;C:\Program Files\Microsoft SQL Server\Client SDK\ODBC\110\Tools\Binn\;C:\Program Files (x86)\Microsoft SQL Server\120\Tools\Binn\;C:\Program Files\Microsoft SQL Server\120\Tools\Binn\;C:\Program Files\Microsoft SQL Server\120\DTS\Binn\;C:\Program Files (x86)\Microsoft SQL Server\120\Tools\Binn\ManagementStudio\;C:\Program Files (x86)\Microsoft SQL Server\120\DTS\Binn\;E:\Android Studio°²×¿¿ª·¢\Git\cmd;E:\apache-maven-3.6.1\bin;C:\Program Files (x86)\Intel\Intel(R) Management Engine Components\DAL;C:\Program Files\Intel\Intel(R) Management Engine Components\DAL;E:\c++ÍøÒ³\;C:\Users\xiao\AppData\Local\Microsoft\WindowsApps;D:\Bandizip\;C:\Users\xiao\AppData\Roaming\npm
USERNAME=xiao
OS=Windows_NT
PROCESSOR_IDENTIFIER=Intel64 Family 6 Model 158 Stepping 10, GenuineIntel



---------------  S Y S T E M  ---------------

OS: Windows 10.0 , 64 bit Build 18362 (10.0.18362.959)

CPU:total 12 (initial active 12) (6 cores per cpu, 2 threads per core) family 6 model 158 stepping 10, cmov, cx8, fxsr, mmx, sse, sse2, sse3, ssse3, sse4.1, sse4.2, popcnt, avx, avx2, aes, clmul, erms, 3dnowpref, lzcnt, ht, tsc, tscinvbit, bmi1, bmi2, adx

Memory: 4k page, physical 20807812k(6551932k free), swap 20807812k(5340k free)

vm_info: Java HotSpot(TM) 64-Bit Server VM (25.191-b12) for windows-amd64 JRE (1.8.0_191-b12), built on Oct  6 2018 09:29:03 by "java_re" with MS VC++ 10.0 (VS2010)

time: Mon Nov 09 10:19:28 2020
elapsed time: 0 seconds (0d 0h 0m 0s)

